# JRE version: Java(TM) SE Runtime Environment (8.0_201-b09) (build 1.8.0_201-b09)
# Java VM: Java HotSpot(TM) 64-Bit Server VM (25.201-b09 mixed mode windows-amd64 compressed oops)
Heap:
 PSYoungGen      total 205824K, used 78235K [0x00000000eab00000, 0x00000000f9200000, 0x0000000100000000)
  eden space 188416K, 40% used [0x00000000eab00000,0x00000000ef555d68,0x00000000f6300000)
  from space 17408K, 12% used [0x00000000f8100000,0x00000000f8311200,0x00000000f9200000)
  to   space 24064K, 0% used [0x00000000f6300000,0x00000000f6300000,0x00000000f7a80000)
 ParOldGen       total 166912K, used 46659K [0x00000000c0000000, 0x00000000ca300000, 0x00000000eab00000)
  object space 166912K, 27% used [0x00000000c0000000,0x00000000c2d90ef0,0x00000000ca300000)
 Metaspace       used 65087K, capacity 67635K, committed 67736K, reserved 1107968K
  class space    used 8715K, capacity 9360K, committed 9392K, reserved 1048576K
GC Heap History (10 events):
Event: 9.162 GC heap before
{Heap before GC invocations=13 (full 2):
 PSYoungGen      total 132608K, used 132604K [0x00000000eab00000, 0x00000000f4380000, 0x0000000100000000)
  eden space 117760K, 100% used [0x00000000eab00000,0x00000000f1e00000,0x00000000f1e00000)
  from space 14848K, 99% used [0x00000000f2f80000,0x00000000f3dff028,0x00000000f3e00000)
  to   space 17920K, 0% used [0x00000000f1e00000,0x00000000f1e00000,0x00000000f2f80000)
 ParOldGen       total 115712K, used 21042K [0x00000000c0000000, 0x00000000c7100000, 0x00000000eab00000)
  object space 115712K, 18% used [0x00000000c0000000,0x00000000c148c800,0x00000000c7100000)
 Metaspace       used 56794K, capacity 58614K, committed 58672K, reserved 1099776K
  class space    used 7936K, capacity 8443K, committed 8496K, reserved 1048576K
Event: 9.183 GC heap after
Heap after GC invocations=13 (full 2):
 PSYoungGen      total 135680K, used 17891K [0x00000000eab00000, 0x00000000f6980000, 0x0000000100000000)
  eden space 117760K, 0% used [0x00000000eab00000,0x00000000eab00000,0x00000000f1e00000)
  from space 17920K, 99% used [0x00000000f1e00000,0x00000000f2f78e60,0x00000000f2f80000)
  to   space 23552K, 0% used [0x00000000f5280000,0x00000000f5280000,0x00000000f6980000)
 ParOldGen       total 115712K, used 30695K [0x00000000c0000000, 0x00000000c7100000, 0x00000000eab00000)
  object space 115712K, 26% used [0x00000000c0000000,0x00000000c1df9d18,0x00000000c7100000)
 Metaspace       used 56794K, capacity 58614K, committed 58672K, reserved 1099776K
  class space    used 7936K, capacity 8443K, committed 8496K, reserved 1048576K
}
Event: 9.246 GC heap before
{Heap before GC invocations=14 (full 2):
 PSYoungGen      total 135680K, used 24583K [0x00000000eab00000, 0x00000000f6980000, 0x0000000100000000)
  eden space 117760K, 5% used [0x00000000eab00000,0x00000000eb188ea8,0x00000000f1e00000)
  from space 17920K, 99% used [0x00000000f1e00000,0x00000000f2f78e60,0x00000000f2f80000)
  to   space 23552K, 0% used [0x00000000f5280000,0x00000000f5280000,0x00000000f6980000)
 ParOldGen       total 115712K, used 30695K [0x00000000c0000000, 0x00000000c7100000, 0x00000000eab00000)
  object space 115712K, 26% used [0x00000000c0000000,0x00000000c1df9d18,0x00000000c7100000)
 Metaspace       used 57118K, capacity 58961K, committed 59160K, reserved 1099776K
  class space    used 7989K, capacity 8496K, committed 8496K, reserved 1048576K
Event: 9.257 GC heap after
Heap after GC invocations=14 (full 2):
 PSYoungGen      total 171008K, used 704K [0x00000000eab00000, 0x00000000f7e00000, 0x0000000100000000)
  eden space 147456K, 0% used [0x00000000eab00000,0x00000000eab00000,0x00000000f3b00000)
  from space 23552K, 2% used [0x00000000f5280000,0x00000000f5330000,0x00000000f6980000)
  to   space 24064K, 0% used [0x00000000f3b00000,0x00000000f3b00000,0x00000000f5280000)
 ParOldGen       total 115712K, used 44201K [0x00000000c0000000, 0x00000000c7100000, 0x00000000eab00000)
  object space 115712K, 38% used [0x00000000c0000000,0x00000000c2b2a430,0x00000000c7100000)
 Metaspace       used 57118K, capacity 58961K, committed 59160K, reserved 1099776K
  class space    used 7989K, capacity 8496K, committed 8496K, reserved 1048576K
}
Event: 9.257 GC heap before
{Heap before GC invocations=15 (full 3):
 PSYoungGen      total 171008K, used 704K [0x00000000eab00000, 0x00000000f7e00000, 0x0000000100000000)
  eden space 147456K, 0% used [0x00000000eab00000,0x00000000eab00000,0x00000000f3b00000)
  from space 23552K, 2% used [0x00000000f5280000,0x00000000f5330000,0x00000000f6980000)
  to   space 24064K, 0% used [0x00000000f3b00000,0x00000000f3b00000,0x00000000f5280000)
 ParOldGen       total 115712K, used 44201K [0x00000000c0000000, 0x00000000c7100000, 0x00000000eab00000)
  object space 115712K, 38% used [0x00000000c0000000,0x00000000c2b2a430,0x00000000c7100000)
 Metaspace       used 57118K, capacity 58961K, committed 59160K, reserved 1099776K
  class space    used 7989K, capacity 8496K, committed 8496K, reserved 1048576K
Event: 9.481 GC heap after
Heap after GC invocations=15 (full 3):
 PSYoungGen      total 171008K, used 0K [0x00000000eab00000, 0x00000000f7e00000, 0x0000000100000000)
  eden space 147456K, 0% used [0x00000000eab00000,0x00000000eab00000,0x00000000f3b00000)
  from space 23552K, 0% used [0x00000000f5280000,0x00000000f5280000,0x00000000f6980000)
  to   space 24064K, 0% used [0x00000000f3b00000,0x00000000f3b00000,0x00000000f5280000)
 ParOldGen       total 166912K, used 36712K [0x00000000c0000000, 0x00000000ca300000, 0x00000000eab00000)
  object space 166912K, 21% used [0x00000000c0000000,0x00000000c23da010,0x00000000ca300000)
 Metaspace       used 57118K, capacity 58961K, committed 59160K, reserved 1099776K
  class space    used 7989K, capacity 8496K, committed 8496K, reserved 1048576K
}
Event: 14.290 GC heap before
{Heap before GC invocations=16 (full 3):
 PSYoungGen      total 171008K, used 147456K [0x00000000eab00000, 0x00000000f7e00000, 0x0000000100000000)
  eden space 147456K, 100% used [0x00000000eab00000,0x00000000f3b00000,0x00000000f3b00000)
  from space 23552K, 0% used [0x00000000f5280000,0x00000000f5280000,0x00000000f6980000)
  to   space 24064K, 0% used [0x00000000f3b00000,0x00000000f3b00000,0x00000000f5280000)
 ParOldGen       total 166912K, used 36712K [0x00000000c0000000, 0x00000000ca300000, 0x00000000eab00000)
  object space 166912K, 21% used [0x00000000c0000000,0x00000000c23da010,0x00000000ca300000)
 Metaspace       used 62205K, capacity 64243K, committed 64408K, reserved 1103872K
  class space    used 8541K, capacity 9126K, committed 9136K, reserved 1048576K
Event: 14.302 GC heap after
Heap after GC invocations=16 (full 3):
 PSYoungGen      total 171520K, used 13249K [0x00000000eab00000, 0x00000000f9880000, 0x0000000100000000)
  eden space 147456K, 0% used [0x00000000eab00000,0x00000000eab00000,0x00000000f3b00000)
  from space 24064K, 55% used [0x00000000f3b00000,0x00000000f47f0670,0x00000000f5280000)
  to   space 24064K, 0% used [0x00000000f8100000,0x00000000f8100000,0x00000000f9880000)
 ParOldGen       total 166912K, used 36720K [0x00000000c0000000, 0x00000000ca300000, 0x00000000eab00000)
  object space 166912K, 21% used [0x00000000c0000000,0x00000000c23dc010,0x00000000ca300000)
 Metaspace       used 62205K, capacity 64243K, committed 64408K, reserved 1103872K
  class space    used 8541K, capacity 9126K, committed 9136K, reserved 1048576K
}
Event: 5467.933 GC heap before
{Heap before GC invocations=17 (full 3):
 PSYoungGen      total 171520K, used 160705K [0x00000000eab00000, 0x00000000f9880000, 0x0000000100000000)
  eden space 147456K, 100% used [0x00000000eab00000,0x00000000f3b00000,0x00000000f3b00000)
  from space 24064K, 55% used [0x00000000f3b00000,0x00000000f47f0670,0x00000000f5280000)
  to   space 24064K, 0% used [0x00000000f8100000,0x00000000f8100000,0x00000000f9880000)
 ParOldGen       total 166912K, used 36720K [0x00000000c0000000, 0x00000000ca300000, 0x00000000eab00000)
  object space 166912K, 21% used [0x00000000c0000000,0x00000000c23dc010,0x00000000ca300000)
 Metaspace       used 64894K, capacity 67433K, committed 67736K, reserved 1107968K
  class space    used 8702K, capacity 9337K, committed 9392K, reserved 1048576K
Event: 5467.975 GC heap after
Heap after GC invocations=17 (full 3):
 PSYoungGen      total 205824K, used 2116K [0x00000000eab00000, 0x00000000f9200000, 0x0000000100000000)
  eden space 188416K, 0% used [0x00000000eab00000,0x00000000eab00000,0x00000000f6300000)
  from space 17408K, 12% used [0x00000000f8100000,0x00000000f8311200,0x00000000f9200000)
  to   space 24064K, 0% used [0x00000000f6300000,0x00000000f6300000,0x00000000f7a80000)
 ParOldGen       total 166912K, used 46659K [0x00000000c0000000, 0x00000000ca300000, 0x00000000eab00000)
  object space 166912K, 27% used [0x00000000c0000000,0x00000000c2d90ef0,0x00000000ca300000)
 Metaspace       used 64894K, capacity 67433K, committed 67736K, reserved 1107968K
  class space    used 8702K, capacity 9337K, committed 9392K, reserved 1048576K
}

